<?xml version="1.0" encoding="UTF-8"?>
<!-- Generated by org.testng.reporters.JUnitReportReporter -->
<testsuite skipped="5" hostname="Riya-15I93LU" name="com.BookingPOM.tests.AccountsPageTest" tests="6" failures="0" timestamp="2023-02-04T08:01:07 IST" time="-1675477888.000" errors="1">
  <testcase name="accPageTitleTest" time="0.000" classname="com.BookingPOM.tests.AccountsPageTest">
    <skipped/>
  </testcase> <!-- accPageTitleTest -->
  <system-out/>
  <testcase name="accPageURLTest" time="0.000" classname="com.BookingPOM.tests.AccountsPageTest">
    <skipped/>
  </testcase> <!-- accPageURLTest -->
  <system-out/>
  <testcase name="setup" time="-1675477888.000" classname="com.BookingPOM.tests.AccountsPageTest">
    <error type="org.testng.TestNGException" message="
Parameter &#039;browser&#039; is required by BeforeTest on method setup but has not been marked @Optional or defined
in C:\Users\manal\AppData\Local\Tmp\testng-eclipse-312154323\testng-customsuite.xml">
      <![CDATA[org.testng.TestNGException: 
Parameter 'browser' is required by BeforeTest on method setup but has not been marked @Optional or defined
in C:\Users\manal\AppData\Local\Tmp\testng-eclipse-312154323\testng-customsuite.xml
at org.testng.internal.Parameters.createParams(Parameters.java:270)
at org.testng.internal.Parameters.createParametersForMethod(Parameters.java:358)
at org.testng.internal.Parameters.createParameters(Parameters.java:700)
at org.testng.internal.Parameters.createConfigurationParameters(Parameters.java:168)
at org.testng.internal.ConfigInvoker.invokeConfigurations(ConfigInvoker.java:302)
at org.testng.TestRunner.invokeTestConfigurations(TestRunner.java:637)
at org.testng.TestRunner.beforeRun(TestRunner.java:627)
at org.testng.TestRunner.run(TestRunner.java:589)
at org.testng.SuiteRunner.runTest(SuiteRunner.java:377)
at org.testng.SuiteRunner.runSequentially(SuiteRunner.java:371)
at org.testng.SuiteRunner.privateRun(SuiteRunner.java:332)
at org.testng.SuiteRunner.run(SuiteRunner.java:276)
at org.testng.SuiteRunnerWorker.runSuite(SuiteRunnerWorker.java:53)
at org.testng.SuiteRunnerWorker.run(SuiteRunnerWorker.java:96)
at org.testng.TestNG.runSuitesSequentially(TestNG.java:1212)
at org.testng.TestNG.runSuitesLocally(TestNG.java:1134)
at org.testng.TestNG.runSuites(TestNG.java:1063)
at org.testng.TestNG.run(TestNG.java:1031)
at org.testng.remote.AbstractRemoteTestNG.run(AbstractRemoteTestNG.java:115)
at org.testng.remote.RemoteTestNG.initAndRun(RemoteTestNG.java:251)
at org.testng.remote.RemoteTestNG.main(RemoteTestNG.java:77)
]]>
    </error>
  </testcase> <!-- setup -->
  <system-out/>
  <testcase name="searchExistTest" time="0.000" classname="com.BookingPOM.tests.AccountsPageTest">
    <skipped/>
  </testcase> <!-- searchExistTest -->
  <system-out/>
  <testcase name="logoutExistTest" time="0.000" classname="com.BookingPOM.tests.AccountsPageTest">
    <skipped/>
  </testcase> <!-- logoutExistTest -->
  <system-out/>
  <testcase name="accPageHeadersTest" time="0.000" classname="com.BookingPOM.tests.AccountsPageTest">
    <skipped/>
  </testcase> <!-- accPageHeadersTest -->
  <system-out/>
</testsuite> <!-- com.BookingPOM.tests.AccountsPageTest -->
